<?xml version="1.0" encoding="UTF-8"?>
<!-- Generated by org.testng.reporters.JUnitReportReporter -->
<testsuite skipped="0" hostname="Nitin-PC" name="com.qa.scripts.Login_Logout" tests="1" failures="0" timestamp="15 Sep 2018 02:31:28 GMT" time="191.557" errors="0">
  <testcase name="testLogin_Logout" time="191.557" classname="com.qa.scripts.Login_Logout"/>
</testsuite> <!-- com.qa.scripts.Login_Logout -->
