<?xml version="1.0" encoding="UTF-8"?>
<!-- Generated by org.testng.reporters.JUnitReportReporter -->
<testsuite skipped="0" hostname="Nitin-PC" name="com.qa.scripts.Register_Test" tests="1" failures="0" timestamp="16 Sep 2018 14:17:31 GMT" time="38.846" errors="0">
  <testcase name="testRegister_test" time="38.846" classname="com.qa.scripts.Register_Test"/>
</testsuite> <!-- com.qa.scripts.Register_Test -->
